<?xml version="1.0" encoding="UTF-8"?>
<!-- Generated by org.testng.reporters.JUnitReportReporter -->
<testsuite skipped="0" hostname="PRO-LAP-495" name="Tests.AuthenticationTests" tests="2" failures="0" timestamp="05 Jul 2022 18:43:28 GMT" time="24.769" errors="0">
  <testcase name="TestRegirster" time="14.313" classname="Tests.AuthenticationTests"/>
  <testcase name="TestLogin" time="10.456" classname="Tests.AuthenticationTests"/>
</testsuite> <!-- Tests.AuthenticationTests -->
